2014/06/12 15:52:52 [error] [php] Use of undefined constant CRYPT_KEY - assumed 'CRYPT_KEY' (/Applications/MAMP/htdocs/Savant/savant_fabogesic/app/protected/components/UserIdentity.php:28)
Stack trace:
#0 /Applications/MAMP/htdocs/Savant/savant_fabogesic/framework/validators/CValidator.php(213): CInlineValidator->validateAttribute()
#1 /Applications/MAMP/htdocs/Savant/savant_fabogesic/framework/base/CModel.php(159): CInlineValidator->validate()
#2 /Applications/MAMP/htdocs/Savant/savant_fabogesic/app/protected/controllers/SiteController.php(94): LoginForm->validate()
#3 /Applications/MAMP/htdocs/Savant/savant_fabogesic/framework/web/actions/CInlineAction.php(49): SiteController->actionLogin()
#4 /Applications/MAMP/htdocs/Savant/savant_fabogesic/framework/web/CController.php(308): CInlineAction->runWithParams()
#5 /Applications/MAMP/htdocs/Savant/savant_fabogesic/framework/web/CController.php(286): SiteController->runAction()
#6 /Applications/MAMP/htdocs/Savant/savant_fabogesic/framework/web/CController.php(265): SiteController->runActionWithFilters()
#7 /Applications/MAMP/htdocs/Savant/savant_fabogesic/framework/web/CWebApplication.php(282): SiteController->run()
#8 /Applications/MAMP/htdocs/Savant/savant_fabogesic/framework/web/CWebApplication.php(141): CWebApplication->runController()
#9 /Applications/MAMP/htdocs/Savant/savant_fabogesic/framework/base/CApplication.php(184): CWebApplication->processRequest()
#10 /Applications/MAMP/htdocs/Savant/savant_fabogesic/app/index.php(13): CWebApplication->run()
REQUEST_URI=/Savant/savant_fabogesic/app/index.php?r=site/login
in /Applications/MAMP/htdocs/Savant/savant_fabogesic/app/protected/components/UserIdentity.php (28)
in /Applications/MAMP/htdocs/Savant/savant_fabogesic/app/protected/models/LoginForm.php (52)
in /Applications/MAMP/htdocs/Savant/savant_fabogesic/app/protected/controllers/SiteController.php (94)
2014/06/12 15:53:06 [error] [php] Use of undefined constant CRYPT_KEY - assumed 'CRYPT_KEY' (/Applications/MAMP/htdocs/Savant/savant_fabogesic/app/protected/components/UserIdentity.php:28)
Stack trace:
#0 /Applications/MAMP/htdocs/Savant/savant_fabogesic/framework/validators/CValidator.php(213): CInlineValidator->validateAttribute()
#1 /Applications/MAMP/htdocs/Savant/savant_fabogesic/framework/base/CModel.php(159): CInlineValidator->validate()
#2 /Applications/MAMP/htdocs/Savant/savant_fabogesic/app/protected/controllers/SiteController.php(94): LoginForm->validate()
#3 /Applications/MAMP/htdocs/Savant/savant_fabogesic/framework/web/actions/CInlineAction.php(49): SiteController->actionLogin()
#4 /Applications/MAMP/htdocs/Savant/savant_fabogesic/framework/web/CController.php(308): CInlineAction->runWithParams()
#5 /Applications/MAMP/htdocs/Savant/savant_fabogesic/framework/web/CController.php(286): SiteController->runAction()
#6 /Applications/MAMP/htdocs/Savant/savant_fabogesic/framework/web/CController.php(265): SiteController->runActionWithFilters()
#7 /Applications/MAMP/htdocs/Savant/savant_fabogesic/framework/web/CWebApplication.php(282): SiteController->run()
#8 /Applications/MAMP/htdocs/Savant/savant_fabogesic/framework/web/CWebApplication.php(141): CWebApplication->runController()
#9 /Applications/MAMP/htdocs/Savant/savant_fabogesic/framework/base/CApplication.php(184): CWebApplication->processRequest()
#10 /Applications/MAMP/htdocs/Savant/savant_fabogesic/app/index.php(13): CWebApplication->run()
REQUEST_URI=/Savant/savant_fabogesic/app/index.php?r=site/login
in /Applications/MAMP/htdocs/Savant/savant_fabogesic/app/protected/components/UserIdentity.php (28)
in /Applications/MAMP/htdocs/Savant/savant_fabogesic/app/protected/models/LoginForm.php (52)
in /Applications/MAMP/htdocs/Savant/savant_fabogesic/app/protected/controllers/SiteController.php (94)
2014/06/12 15:56:40 [error] [php] Undefined variable: UserName (/Applications/MAMP/htdocs/Savant/savant_fabogesic/app/protected/views/layouts/main.php:36)
Stack trace:
#0 /Applications/MAMP/htdocs/Savant/savant_fabogesic/framework/web/widgets/CContentDecorator.php(76): SiteController->renderFile()
#1 /Applications/MAMP/htdocs/Savant/savant_fabogesic/framework/web/widgets/CContentDecorator.php(54): CContentDecorator->decorate()
#2 /Applications/MAMP/htdocs/Savant/savant_fabogesic/framework/web/widgets/COutputProcessor.php(44): CContentDecorator->processOutput()
#3 /Applications/MAMP/htdocs/Savant/savant_fabogesic/framework/web/CBaseController.php(214): CContentDecorator->run()
#4 /Applications/MAMP/htdocs/Savant/savant_fabogesic/framework/web/CBaseController.php(308): SiteController->endWidget()
#5 /Applications/MAMP/htdocs/Savant/savant_fabogesic/app/protected/views/layouts/column1.php(6): SiteController->endContent()
#6 /Applications/MAMP/htdocs/Savant/savant_fabogesic/framework/web/CBaseController.php(126): require()
#7 /Applications/MAMP/htdocs/Savant/savant_fabogesic/framework/web/CBaseController.php(95): SiteController->renderInternal()
#8 /Applications/MAMP/htdocs/Savant/savant_fabogesic/framework/web/CController.php(784): SiteController->renderFile()
#9 /Applications/MAMP/htdocs/Savant/savant_fabogesic/app/protected/controllers/SiteController.php(32): SiteController->render()
#10 /Applications/MAMP/htdocs/Savant/savant_fabogesic/framework/web/actions/CInlineAction.php(49): SiteController->actionIndex()
#11 /Applications/MAMP/htdocs/Savant/savant_fabogesic/framework/web/CController.php(308): CInlineAction->runWithParams()
#12 /Applications/MAMP/htdocs/Savant/savant_fabogesic/framework/web/CController.php(286): SiteController->runAction()
#13 /Applications/MAMP/htdocs/Savant/savant_fabogesic/framework/web/CController.php(265): SiteController->runActionWithFilters()
#14 /Applications/MAMP/htdocs/Savant/savant_fabogesic/framework/web/CWebApplication.php(282): SiteController->run()
#15 /Applications/MAMP/htdocs/Savant/savant_fabogesic/framework/web/CWebApplication.php(141): CWebApplication->runController()
#16 /Applications/MAMP/htdocs/Savant/savant_fabogesic/framework/base/CApplication.php(184): CWebApplication->processRequest()
#17 /Applications/MAMP/htdocs/Savant/savant_fabogesic/app/index.php(13): CWebApplication->run()
REQUEST_URI=/Savant/savant_fabogesic/app/index.php
in /Applications/MAMP/htdocs/Savant/savant_fabogesic/app/protected/views/layouts/main.php (36)
in /Applications/MAMP/htdocs/Savant/savant_fabogesic/app/protected/views/layouts/column1.php (6)
in /Applications/MAMP/htdocs/Savant/savant_fabogesic/app/protected/controllers/SiteController.php (32)
2014/06/12 16:29:41 [error] [exception.CHttpException.404] exception 'CHttpException' with message 'Unable to resolve the request "login".' in /Applications/MAMP/htdocs/Savant/savant_fabogesic/framework/web/CWebApplication.php:286
Stack trace:
#0 /Applications/MAMP/htdocs/Savant/savant_fabogesic/framework/web/CWebApplication.php(141): CWebApplication->runController('login')
#1 /Applications/MAMP/htdocs/Savant/savant_fabogesic/framework/base/CApplication.php(184): CWebApplication->processRequest()
#2 /Applications/MAMP/htdocs/Savant/savant_fabogesic/app/index.php(13): CApplication->run()
#3 {main}
REQUEST_URI=/Savant/savant_fabogesic/app/index.php/login
---
2014/06/12 16:52:54 [error] [exception.CHttpException.403] exception 'CHttpException' with message 'You are not authorized to perform this action.' in /Applications/MAMP/htdocs/Savant/savant_fabogesic/framework/web/auth/CAccessControlFilter.php:182
Stack trace:
#0 /Applications/MAMP/htdocs/Savant/savant_fabogesic/framework/web/auth/CAccessControlFilter.php(145): CAccessControlFilter->accessDenied(Object(CWebUser), 'You are not aut...')
#1 /Applications/MAMP/htdocs/Savant/savant_fabogesic/framework/web/filters/CFilter.php(38): CAccessControlFilter->preFilter(Object(CFilterChain))
#2 /Applications/MAMP/htdocs/Savant/savant_fabogesic/framework/web/CController.php(1145): CFilter->filter(Object(CFilterChain))
#3 /Applications/MAMP/htdocs/Savant/savant_fabogesic/framework/web/filters/CInlineFilter.php(58): CController->filterAccessControl(Object(CFilterChain))
#4 /Applications/MAMP/htdocs/Savant/savant_fabogesic/framework/web/filters/CFilterChain.php(130): CInlineFilter->filter(Object(CFilterChain))
#5 /Applications/MAMP/htdocs/Savant/savant_fabogesic/framework/web/CController.php(291): CFilterChain->run()
#6 /Applications/MAMP/htdocs/Savant/savant_fabogesic/framework/web/CController.php(265): CController->runActionWithFilters(Object(CInlineAction), Array)
#7 /Applications/MAMP/htdocs/Savant/savant_fabogesic/framework/web/CWebApplication.php(282): CController->run('')
#8 /Applications/MAMP/htdocs/Savant/savant_fabogesic/framework/web/CWebApplication.php(141): CWebApplication->runController('BackOffice')
#9 /Applications/MAMP/htdocs/Savant/savant_fabogesic/framework/base/CApplication.php(184): CWebApplication->processRequest()
#10 /Applications/MAMP/htdocs/Savant/savant_fabogesic/app/index.php(13): CApplication->run()
#11 {main}
REQUEST_URI=/Savant/savant_fabogesic/app/index.php/BackOffice
---
2014/06/12 17:05:01 [error] [exception.CHttpException.403] exception 'CHttpException' with message 'You are not authorized to perform this action.' in /Applications/MAMP/htdocs/Savant/savant_fabogesic/framework/web/auth/CAccessControlFilter.php:182
Stack trace:
#0 /Applications/MAMP/htdocs/Savant/savant_fabogesic/framework/web/auth/CAccessControlFilter.php(145): CAccessControlFilter->accessDenied(Object(CWebUser), 'You are not aut...')
#1 /Applications/MAMP/htdocs/Savant/savant_fabogesic/framework/web/filters/CFilter.php(38): CAccessControlFilter->preFilter(Object(CFilterChain))
#2 /Applications/MAMP/htdocs/Savant/savant_fabogesic/framework/web/CController.php(1145): CFilter->filter(Object(CFilterChain))
#3 /Applications/MAMP/htdocs/Savant/savant_fabogesic/framework/web/filters/CInlineFilter.php(58): CController->filterAccessControl(Object(CFilterChain))
#4 /Applications/MAMP/htdocs/Savant/savant_fabogesic/framework/web/filters/CFilterChain.php(130): CInlineFilter->filter(Object(CFilterChain))
#5 /Applications/MAMP/htdocs/Savant/savant_fabogesic/framework/web/CController.php(291): CFilterChain->run()
#6 /Applications/MAMP/htdocs/Savant/savant_fabogesic/framework/web/CController.php(265): CController->runActionWithFilters(Object(CInlineAction), Array)
#7 /Applications/MAMP/htdocs/Savant/savant_fabogesic/framework/web/CWebApplication.php(282): CController->run('')
#8 /Applications/MAMP/htdocs/Savant/savant_fabogesic/framework/web/CWebApplication.php(141): CWebApplication->runController('BackOffice')
#9 /Applications/MAMP/htdocs/Savant/savant_fabogesic/framework/base/CApplication.php(184): CWebApplication->processRequest()
#10 /Applications/MAMP/htdocs/Savant/savant_fabogesic/app/index.php(13): CApplication->run()
#11 {main}
REQUEST_URI=/Savant/savant_fabogesic/app/index.php/BackOffice
HTTP_REFERER=http://localhost/Savant/savant_fabogesic/app/index.php/site/login
---
